2010-12-14 06:15:12 Notice: Notice (1024): Please change the value of 'Security.cipherSeed' in app/config/core.php to a numeric (digits only) seed value specific to your application in [/var/www/devel.mwds.info/web/talkbox/classes/cake/cake/libs/debugger.php, line 688]
2011-01-05 02:42:06 Notice: Notice (8): Undefined index:  Phases in [/home/talkbox/www/classes/cake/app/controllers/phases_controller.php, line 88]
2011-01-05 02:42:06 Notice: Notice (8): Undefined variable: fileName in [/home/talkbox/www/classes/cake/app/controllers/phases_controller.php, line 89]
2011-01-05 02:42:06 Notice: Notice (8): Undefined index:  Phases in [/home/talkbox/www/classes/cake/app/controllers/phases_controller.php, line 90]
2011-01-05 02:42:06 Notice: Notice (8): Undefined variable: fileName in [/home/talkbox/www/classes/cake/app/controllers/phases_controller.php, line 90]
2011-01-05 02:42:07 Notice: Notice (8): Undefined offset:  1 in [/home/talkbox/www/classes/cake/app/controllers/phases_controller.php, line 34]
2011-01-05 02:49:01 Notice: Notice (8): Undefined index:  filename in [/home/talkbox/www/classes/cake/app/controllers/phases_controller.php, line 88]
2011-01-05 02:49:01 Notice: Notice (8): Undefined variable: fileName in [/home/talkbox/www/classes/cake/app/controllers/phases_controller.php, line 89]
2011-01-05 02:49:01 Notice: Notice (8): Undefined index:  filename in [/home/talkbox/www/classes/cake/app/controllers/phases_controller.php, line 90]
2011-01-05 02:49:01 Notice: Notice (8): Undefined variable: fileName in [/home/talkbox/www/classes/cake/app/controllers/phases_controller.php, line 90]
2011-01-05 02:49:01 Notice: Notice (8): Undefined offset:  1 in [/home/talkbox/www/classes/cake/app/controllers/phases_controller.php, line 34]
2011-01-05 02:55:10 Notice: Notice (8): Undefined variable: fileName in [/home/talkbox/www/classes/cake/app/controllers/phases_controller.php, line 89]
2011-01-05 02:55:10 Notice: Notice (8): Undefined variable: fileName in [/home/talkbox/www/classes/cake/app/controllers/phases_controller.php, line 90]
2011-01-05 02:55:10 Notice: Notice (8): Undefined offset:  1 in [/home/talkbox/www/classes/cake/app/controllers/phases_controller.php, line 34]
2011-01-05 03:16:41 Notice: Notice (8): Use of undefined constant type - assumed 'type' in [/home/talkbox/www/classes/cake/app/views/phases/add.ctp, line 2]
2011-01-05 03:16:44 Notice: Notice (8): Use of undefined constant type - assumed 'type' in [/home/talkbox/www/classes/cake/app/views/phases/add.ctp, line 2]
2011-01-05 03:18:26 Notice: Notice (8): Undefined index:  filename in [/home/talkbox/www/classes/cake/app/controllers/phases_controller.php, line 88]
2011-01-05 03:18:26 Notice: Notice (8): Undefined variable: fileName in [/home/talkbox/www/classes/cake/app/controllers/phases_controller.php, line 89]
2011-01-05 03:18:26 Notice: Notice (8): Undefined index:  filename in [/home/talkbox/www/classes/cake/app/controllers/phases_controller.php, line 90]
2011-01-05 03:18:26 Notice: Notice (8): Undefined variable: fileName in [/home/talkbox/www/classes/cake/app/controllers/phases_controller.php, line 90]
2011-01-05 03:18:26 Notice: Notice (8): Undefined offset:  1 in [/home/talkbox/www/classes/cake/app/controllers/phases_controller.php, line 34]
2011-01-05 03:20:40 Notice: Notice (8): Undefined index:  filename in [/home/talkbox/www/classes/cake/app/controllers/phases_controller.php, line 88]
2011-01-05 03:20:40 Notice: Notice (8): Undefined variable: fileName in [/home/talkbox/www/classes/cake/app/controllers/phases_controller.php, line 89]
2011-01-05 03:20:40 Notice: Notice (8): Undefined index:  filename in [/home/talkbox/www/classes/cake/app/controllers/phases_controller.php, line 90]
2011-01-05 03:20:40 Notice: Notice (8): Undefined variable: fileName in [/home/talkbox/www/classes/cake/app/controllers/phases_controller.php, line 90]
2011-01-05 03:20:40 Notice: Notice (8): Undefined offset:  1 in [/home/talkbox/www/classes/cake/app/controllers/phases_controller.php, line 34]
2011-01-05 03:22:04 Notice: Notice (8): Array to string conversion in [/home/talkbox/www/classes/cake/cake/libs/model/datasources/dbo_source.php, line 749]
2011-01-05 03:25:19 Notice: Notice (8): Array to string conversion in [/home/talkbox/www/classes/cake/cake/libs/model/datasources/dbo_source.php, line 749]
2011-01-05 03:28:05 Notice: Notice (8): Undefined variable: fileName in [/home/talkbox/www/classes/cake/app/controllers/phases_controller.php, line 89]
2011-01-05 03:28:05 Notice: Notice (8): Undefined variable: fileName in [/home/talkbox/www/classes/cake/app/controllers/phases_controller.php, line 90]
2011-01-05 03:28:05 Notice: Notice (8): Undefined offset:  1 in [/home/talkbox/www/classes/cake/app/controllers/phases_controller.php, line 34]
2011-01-05 03:29:55 Notice: Notice (8): Undefined offset:  1 in [/home/talkbox/www/classes/cake/app/controllers/phases_controller.php, line 34]
2011-01-05 03:30:31 Notice: Notice (8): Undefined offset:  1 in [/home/talkbox/www/classes/cake/app/controllers/phases_controller.php, line 34]
2011-01-05 03:34:42 Notice: Notice (8): Undefined offset:  1 in [/home/talkbox/www/classes/cake/app/controllers/phases_controller.php, line 33]
2011-01-05 03:34:51 Notice: Notice (8): Undefined offset:  1 in [/home/talkbox/www/classes/cake/app/controllers/phases_controller.php, line 33]
2011-01-05 03:59:11 Notice: Notice (8): Array to string conversion in [/home/talkbox/www/classes/cake/cake/libs/model/datasources/dbo_source.php, line 749]
2011-01-05 03:59:11 Notice: Notice (8): Undefined variable: filename in [/home/talkbox/www/classes/cake/app/controllers/phases_controller.php, line 95]
2011-01-05 03:59:11 Notice: Notice (8): Undefined offset:  1 in [/home/talkbox/www/classes/cake/app/controllers/phases_controller.php, line 33]
2011-01-05 04:01:58 Notice: Notice (8): Array to string conversion in [/home/talkbox/www/classes/cake/cake/libs/model/datasources/dbo_source.php, line 749]
2011-01-05 04:01:58 Notice: Notice (8): Undefined variable: filename in [/home/talkbox/www/classes/cake/app/controllers/phases_controller.php, line 95]
2011-01-05 04:01:58 Notice: Notice (8): Undefined offset:  1 in [/home/talkbox/www/classes/cake/app/controllers/phases_controller.php, line 33]
2011-01-05 04:05:00 Notice: Notice (8): Array to string conversion in [/home/talkbox/www/classes/cake/cake/libs/model/datasources/dbo_source.php, line 749]
2011-01-05 04:05:00 Notice: Notice (8): Undefined variable: filename in [/home/talkbox/www/classes/cake/app/controllers/phases_controller.php, line 95]
2011-01-05 04:05:00 Notice: Notice (8): Undefined offset:  1 in [/home/talkbox/www/classes/cake/app/controllers/phases_controller.php, line 33]
2011-01-05 04:13:29 Notice: Notice (8): Array to string conversion in [/home/talkbox/www/classes/cake/cake/libs/model/datasources/dbo_source.php, line 749]
2011-01-05 04:13:29 Notice: Notice (8): Undefined variable: filename in [/home/talkbox/www/classes/cake/app/controllers/phases_controller.php, line 95]
2011-01-05 04:13:29 Notice: Notice (8): Undefined offset:  1 in [/home/talkbox/www/classes/cake/app/controllers/phases_controller.php, line 33]
2011-01-05 04:44:27 Notice: Notice (8): Undefined variable: extension in [/home/talkbox/www/classes/cake/app/models/behaviors/meio_upload.php, line 1032]
2011-01-05 04:44:27 Notice: Notice (8): Undefined index:   in [/home/talkbox/www/classes/cake/app/models/behaviors/meio_upload.php, line 723]
2011-01-05 04:45:11 Notice: Notice (8): Undefined variable: extension in [/home/talkbox/www/classes/cake/app/models/behaviors/meio_upload.php, line 1032]
2011-01-05 04:45:11 Notice: Notice (8): Undefined index:   in [/home/talkbox/www/classes/cake/app/models/behaviors/meio_upload.php, line 723]
2011-01-05 04:46:01 Notice: Notice (8): Array to string conversion in [/home/talkbox/www/classes/cake/cake/libs/model/datasources/dbo_source.php, line 749]
2011-01-05 04:46:45 Notice: Notice (8): Array to string conversion in [/home/talkbox/www/classes/cake/cake/libs/model/datasources/dbo_source.php, line 749]
2011-01-05 04:48:10 Notice: Notice (8): Array to string conversion in [/home/talkbox/www/classes/cake/cake/libs/model/datasources/dbo_source.php, line 749]
2011-01-05 04:48:17 Notice: Notice (8): Array to string conversion in [/home/talkbox/www/classes/cake/cake/libs/model/datasources/dbo_source.php, line 749]
2011-01-05 04:48:23 Notice: Notice (8): Array to string conversion in [/home/talkbox/www/classes/cake/cake/libs/model/datasources/dbo_source.php, line 749]
2011-01-05 04:49:01 Notice: Notice (8): Array to string conversion in [/home/talkbox/www/classes/cake/cake/libs/model/datasources/dbo_source.php, line 749]
2011-01-05 04:50:07 Notice: Notice (8): Array to string conversion in [/home/talkbox/www/classes/cake/cake/libs/model/datasources/dbo_source.php, line 749]
2011-01-05 04:58:26 Notice: Notice (8): Array to string conversion in [/home/talkbox/www/classes/cake/cake/libs/model/datasources/dbo_source.php, line 749]
2011-01-05 04:59:54 Notice: Notice (8): Array to string conversion in [/home/talkbox/www/classes/cake/cake/libs/model/datasources/dbo_source.php, line 749]
2011-01-05 05:00:01 Notice: Notice (8): Array to string conversion in [/home/talkbox/www/classes/cake/cake/libs/model/datasources/dbo_source.php, line 749]
2011-01-05 05:01:51 Notice: Notice (8): Array to string conversion in [/home/talkbox/www/classes/cake/cake/libs/model/datasources/dbo_source.php, line 749]
2011-01-05 05:01:51 Notice: Notice (8): Undefined variable: filename in [/home/talkbox/www/classes/cake/app/controllers/phases_controller.php, line 95]
2011-01-05 05:01:59 Notice: Notice (8): Array to string conversion in [/home/talkbox/www/classes/cake/cake/libs/model/datasources/dbo_source.php, line 749]
2011-01-05 05:01:59 Notice: Notice (8): Undefined variable: filename in [/home/talkbox/www/classes/cake/app/controllers/phases_controller.php, line 95]
2011-01-05 05:01:59 Notice: Notice (8): Undefined offset:  1 in [/home/talkbox/www/classes/cake/app/controllers/phases_controller.php, line 33]
2011-01-05 05:03:19 Notice: Notice (8): Array to string conversion in [/home/talkbox/www/classes/cake/cake/libs/model/datasources/dbo_source.php, line 749]
2011-01-05 05:03:19 Notice: Notice (8): Undefined variable: filename in [/home/talkbox/www/classes/cake/app/controllers/phases_controller.php, line 95]
2011-01-05 05:03:19 Notice: Notice (8): Undefined offset:  1 in [/home/talkbox/www/classes/cake/app/controllers/phases_controller.php, line 33]
2011-01-05 05:05:25 Notice: Notice (8): Array to string conversion in [/home/talkbox/www/classes/cake/cake/libs/model/datasources/dbo_source.php, line 749]
2011-01-05 05:05:25 Notice: Notice (8): Undefined variable: filename in [/home/talkbox/www/classes/cake/app/controllers/phases_controller.php, line 95]
2011-01-05 05:20:36 Notice: Notice (8): Array to string conversion in [/home/talkbox/www/classes/cake/cake/libs/model/datasources/dbo_source.php, line 749]
2011-01-05 05:20:36 Notice: Notice (8): Undefined variable: filename in [/home/talkbox/www/classes/cake/app/controllers/phases_controller.php, line 95]
2011-01-05 05:27:50 Notice: Notice (8): Array to string conversion in [/home/talkbox/www/classes/cake/cake/libs/model/datasources/dbo_source.php, line 749]
2011-01-05 05:27:50 Notice: Notice (8): Undefined variable: filename in [/home/talkbox/www/classes/cake/app/controllers/phases_controller.php, line 95]
2011-01-05 05:27:51 Notice: Notice (8): Undefined offset:  1 in [/home/talkbox/www/classes/cake/app/controllers/phases_controller.php, line 33]
2011-01-05 05:28:06 Notice: Notice (8): Array to string conversion in [/home/talkbox/www/classes/cake/cake/libs/model/datasources/dbo_source.php, line 749]
2011-01-05 05:28:06 Notice: Notice (8): Undefined variable: filename in [/home/talkbox/www/classes/cake/app/controllers/phases_controller.php, line 95]
2011-01-05 05:28:06 Notice: Notice (8): Undefined offset:  1 in [/home/talkbox/www/classes/cake/app/controllers/phases_controller.php, line 33]
2011-01-05 05:29:12 Notice: Notice (8): Array to string conversion in [/home/talkbox/www/classes/cake/cake/libs/model/datasources/dbo_source.php, line 749]
2011-01-05 05:29:12 Notice: Notice (8): Undefined variable: filename in [/home/talkbox/www/classes/cake/app/controllers/phases_controller.php, line 95]
2011-01-05 05:29:12 Notice: Notice (8): Undefined offset:  1 in [/home/talkbox/www/classes/cake/app/controllers/phases_controller.php, line 33]
2011-01-05 05:38:48 Notice: Notice (8): Undefined index:  Phases in [/home/talkbox/www/classes/cake/app/controllers/phases_controller.php, line 95]
2011-01-05 05:38:48 Notice: Notice (8): Undefined offset:  1 in [/home/talkbox/www/classes/cake/app/controllers/phases_controller.php, line 33]
2011-01-05 05:38:48 Notice: Notice (8): Undefined property: PhasesController::$Attachment in [/home/talkbox/www/classes/cake/app/controllers/phases_controller.php, line 112]
2011-01-05 05:39:04 Notice: Notice (8): Undefined index:  Phases in [/home/talkbox/www/classes/cake/app/controllers/phases_controller.php, line 95]
2011-01-05 05:39:04 Notice: Notice (8): Undefined offset:  1 in [/home/talkbox/www/classes/cake/app/controllers/phases_controller.php, line 33]
2011-01-05 05:39:04 Notice: Notice (8): Undefined property: PhasesController::$Attachment in [/home/talkbox/www/classes/cake/app/controllers/phases_controller.php, line 112]
2011-01-05 05:40:32 Notice: Notice (8): Undefined index:  Phases in [/home/talkbox/www/classes/cake/app/controllers/phases_controller.php, line 95]
2011-01-05 05:40:32 Notice: Notice (8): Undefined offset:  1 in [/home/talkbox/www/classes/cake/app/controllers/phases_controller.php, line 33]
2011-01-05 06:21:59 Notice: Notice (8): Undefined variable: error in [/home/talkbox/www/classes/cake/app/controllers/phases_controller.php, line 113]
2011-01-05 06:21:59 Notice: Notice (8): Undefined variable: fileName in [/home/talkbox/www/classes/cake/app/controllers/phases_controller.php, line 115]
2011-01-05 06:32:46 Notice: Notice (8): Undefined property: PhasesController::$Document in [/home/talkbox/www/classes/cake/app/controllers/phases_controller.php, line 99]
2011-01-05 06:34:15 Notice: Notice (8): Undefined property: PhasesController::$Document in [/home/talkbox/www/classes/cake/app/controllers/phases_controller.php, line 99]
2011-01-05 06:37:54 Notice: Notice (8): Undefined property: PhasesController::$Document in [/home/talkbox/www/classes/cake/app/controllers/phases_controller.php, line 98]
2011-01-29 13:37:58 Notice: Notice (8): Undefined variable: error in [/var/www/devel.mwds.info/web/talkbox2/classes/cake/app/controllers/phases_controller.php, line 110]
2011-01-29 13:37:58 Notice: Notice (8): Undefined variable: fileName in [/var/www/devel.mwds.info/web/talkbox2/classes/cake/app/controllers/phases_controller.php, line 112]
